\BOOKMARK [1][-]{section.1}{1D Assignment}{}% 1
\BOOKMARK [2][-]{subsection.1.1}{Theory}{section.1}% 2
\BOOKMARK [2][-]{subsection.1.2}{Modelling}{section.1}% 3
\BOOKMARK [1][-]{section.2}{2D Assignment: Assignment 1}{}% 4
\BOOKMARK [2][-]{subsection.2.1}{Theory}{section.2}% 5
\BOOKMARK [2][-]{subsection.2.2}{Modelling}{section.2}% 6
\BOOKMARK [1][-]{section.3}{Matlab Code}{}% 7
\BOOKMARK [2][-]{subsection.3.1}{1D Assignment}{section.3}% 8
\BOOKMARK [3][-]{subsubsection.3.1.1}{GenerateMesh.m}{subsection.3.1}% 9
\BOOKMARK [3][-]{subsubsection.3.1.2}{GenerateTopology.m}{subsection.3.1}% 10
\BOOKMARK [3][-]{subsubsection.3.1.3}{GenerateElementMatrix.m}{subsection.3.1}% 11
\BOOKMARK [3][-]{subsubsection.3.1.4}{GenerateElementVector.m}{subsection.3.1}% 12
\BOOKMARK [3][-]{subsubsection.3.1.5}{AssembleMatrix.m}{subsection.3.1}% 13
\BOOKMARK [3][-]{subsubsection.3.1.6}{AssembleVector.m}{subsection.3.1}% 14
\BOOKMARK [3][-]{subsubsection.3.1.7}{func.m}{subsection.3.1}% 15
\BOOKMARK [3][-]{subsubsection.3.1.8}{Femsolve1d.m}{subsection.3.1}% 16
\BOOKMARK [2][-]{subsection.3.2}{2D Assignment}{section.3}% 17
\BOOKMARK [3][-]{subsubsection.3.2.1}{WI4243Mesh.m}{subsection.3.2}% 18
\BOOKMARK [3][-]{subsubsection.3.2.2}{WI4243Comp.m}{subsection.3.2}% 19
\BOOKMARK [3][-]{subsubsection.3.2.3}{GenerateElementMatrix.m}{subsection.3.2}% 20
\BOOKMARK [3][-]{subsubsection.3.2.4}{GenerateElementVector.m}{subsection.3.2}% 21
\BOOKMARK [3][-]{subsubsection.3.2.5}{GenerateBoundaryElementMatrix.m}{subsection.3.2}% 22
\BOOKMARK [3][-]{subsubsection.3.2.6}{GenerateBoundaryElementVector.m}{subsection.3.2}% 23
\BOOKMARK [3][-]{subsubsection.3.2.7}{BuildMatricesandVectors.m}{subsection.3.2}% 24
\BOOKMARK [3][-]{subsubsection.3.2.8}{Fxy.m}{subsection.3.2}% 25
\BOOKMARK [3][-]{subsubsection.3.2.9}{WI4243Post.m}{subsection.3.2}% 26
\BOOKMARK [3][-]{subsubsection.3.2.10}{Run.m}{subsection.3.2}% 27
